=========================================
old address : 0x00F524E0
old capacity : 10
=========================================
new address : 0x00F54558
new capacity : 20
=========================================
old address : 0x00F54558
old capacity : 20
=========================================
new address : 0x00F54558
new capacity : 40
=========================================
old address : 0x00F54558
old capacity : 40
=========================================
new address : 0x00F54558
new capacity : 80
=========================================
old address : 0x00F54558
old capacity : 80
=========================================
new address : 0x00F54558
new capacity : 160
=========================================
old address : 0x00F54558
old capacity : 160
=========================================
new address : 0x00F54558
new capacity : 80
=========================================
FREE
address : 0x0061FEE8
